{"/Users/NatchaS/Documents/workspace/WebProg/320MusicLessonPlanner/server/model/student-record.js":{"path":"/Users/NatchaS/Documents/workspace/WebProg/320MusicLessonPlanner/server/model/student-record.js","s":{"1":1,"2":1,"3":1,"4":1,"5":0,"6":1,"7":10,"8":10,"9":10,"10":10,"11":10,"12":10,"13":10,"14":10,"15":9,"16":6,"17":3,"18":10,"19":10,"20":6,"21":6,"22":6,"23":0,"24":0,"25":10,"26":10,"27":6,"28":6,"29":5,"30":0,"31":0,"32":10,"33":10,"34":6,"35":10,"36":10,"37":6,"38":10,"39":10,"40":5,"41":10,"42":10,"43":10,"44":9,"45":10,"46":1,"47":8,"48":6,"49":6,"50":2,"51":1,"52":4,"53":4,"54":4,"55":4,"56":3,"57":3,"58":3,"59":0,"60":3,"61":3,"62":3,"63":0,"64":0,"65":3,"66":3,"67":1,"68":1,"69":2,"70":2,"71":2,"72":1,"73":1,"74":1,"75":0,"76":0,"77":1,"78":1,"79":1,"80":1,"81":3,"82":3,"83":3,"84":3,"85":0,"86":0,"87":3,"88":2,"89":2,"90":2,"91":0,"92":0,"93":2,"94":2,"95":1,"96":1,"97":1,"98":1,"99":1,"100":1,"101":0,"102":0,"103":1,"104":1,"105":1,"106":1,"107":1,"108":1,"109":1,"110":0,"111":0,"112":1,"113":0,"114":1,"115":1,"116":2,"117":2,"118":2,"119":1,"120":1,"121":1,"122":1,"123":0,"124":1,"125":1,"126":1,"127":0,"128":1,"129":1,"130":1},"b":{"1":[0,1],"2":[9,1],"3":[10,9],"4":[6,3],"5":[6,4],"6":[10,6],"7":[6,0],"8":[6,0],"9":[0,0],"10":[6,4],"11":[10,6],"12":[6,0],"13":[5,1],"14":[0,0],"15":[6,4],"16":[6,4],"17":[5,5],"18":[9,1],"19":[10,9],"20":[6,2],"21":[8,8,6,6,6,6,6,6],"22":[6,0],"23":[3,1],"24":[4,3],"25":[0,3],"26":[0,3],"27":[3,3],"28":[1,1],"29":[2,1],"30":[0,1],"31":[0,3],"32":[2,1],"33":[0,2],"34":[2,2],"35":[0,1],"36":[1,1],"37":[0,1],"38":[0,1],"39":[1,1],"40":[2,2,1],"41":[0,1],"42":[1,1],"43":[0,1],"44":[1,1]},"f":{"1":10,"2":8,"3":4,"4":3,"5":3,"6":2,"7":1,"8":3,"9":3,"10":2,"11":1,"12":1,"13":1,"14":1,"15":1,"16":2,"17":1,"18":1},"fnMap":{"1":{"name":"(anonymous_1)","line":30,"loc":{"start":{"line":30,"column":20},"end":{"line":30,"column":39}}},"2":{"name":"isInputValid","line":107,"loc":{"start":{"line":107,"column":0},"end":{"line":107,"column":24}}},"3":{"name":"(anonymous_3)","line":126,"loc":{"start":{"line":126,"column":31},"end":{"line":126,"column":54}}},"4":{"name":"(anonymous_4)","line":147,"loc":{"start":{"line":147,"column":37},"end":{"line":147,"column":50}}},"5":{"name":"(anonymous_5)","line":162,"loc":{"start":{"line":162,"column":45},"end":{"line":162,"column":63}}},"6":{"name":"(anonymous_6)","line":184,"loc":{"start":{"line":184,"column":33},"end":{"line":184,"column":52}}},"7":{"name":"(anonymous_7)","line":192,"loc":{"start":{"line":192,"column":22},"end":{"line":192,"column":35}}},"8":{"name":"(anonymous_8)","line":219,"loc":{"start":{"line":219,"column":21},"end":{"line":219,"column":44}}},"9":{"name":"(anonymous_9)","line":224,"loc":{"start":{"line":224,"column":14},"end":{"line":224,"column":32}}},"10":{"name":"(anonymous_10)","line":230,"loc":{"start":{"line":230,"column":37},"end":{"line":230,"column":61}}},"11":{"name":"(anonymous_11)","line":257,"loc":{"start":{"line":257,"column":22},"end":{"line":257,"column":46}}},"12":{"name":"(anonymous_12)","line":261,"loc":{"start":{"line":261,"column":23},"end":{"line":261,"column":53}}},"13":{"name":"(anonymous_13)","line":280,"loc":{"start":{"line":280,"column":24},"end":{"line":280,"column":47}}},"14":{"name":"(anonymous_14)","line":286,"loc":{"start":{"line":286,"column":27},"end":{"line":286,"column":41}}},"15":{"name":"(anonymous_15)","line":293,"loc":{"start":{"line":293,"column":26},"end":{"line":293,"column":40}}},"16":{"name":"(anonymous_16)","line":311,"loc":{"start":{"line":311,"column":24},"end":{"line":311,"column":53}}},"17":{"name":"(anonymous_17)","line":318,"loc":{"start":{"line":318,"column":44},"end":{"line":318,"column":72}}},"18":{"name":"(anonymous_18)","line":331,"loc":{"start":{"line":331,"column":74},"end":{"line":331,"column":98}}}},"statementMap":{"1":{"start":{"line":18,"column":0},"end":{"line":18,"column":38}},"2":{"start":{"line":19,"column":0},"end":{"line":19,"column":53}},"3":{"start":{"line":21,"column":0},"end":{"line":21,"column":54}},"4":{"start":{"line":22,"column":0},"end":{"line":22,"column":58}},"5":{"start":{"line":22,"column":25},"end":{"line":22,"column":58}},"6":{"start":{"line":30,"column":0},"end":{"line":98,"column":2}},"7":{"start":{"line":32,"column":4},"end":{"line":32,"column":40}},"8":{"start":{"line":33,"column":4},"end":{"line":33,"column":38}},"9":{"start":{"line":34,"column":4},"end":{"line":34,"column":42}},"10":{"start":{"line":37,"column":4},"end":{"line":37,"column":32}},"11":{"start":{"line":38,"column":4},"end":{"line":38,"column":32}},"12":{"start":{"line":41,"column":4},"end":{"line":41,"column":36}},"13":{"start":{"line":42,"column":4},"end":{"line":42,"column":25}},"14":{"start":{"line":43,"column":4},"end":{"line":49,"column":5}},"15":{"start":{"line":44,"column":8},"end":{"line":48,"column":9}},"16":{"start":{"line":45,"column":12},"end":{"line":45,"column":46}},"17":{"start":{"line":47,"column":12},"end":{"line":47,"column":70}},"18":{"start":{"line":50,"column":4},"end":{"line":50,"column":26}},"19":{"start":{"line":51,"column":4},"end":{"line":61,"column":5}},"20":{"start":{"line":52,"column":8},"end":{"line":60,"column":9}},"21":{"start":{"line":53,"column":12},"end":{"line":55,"column":13}},"22":{"start":{"line":54,"column":16},"end":{"line":54,"column":52}},"23":{"start":{"line":57,"column":12},"end":{"line":59,"column":13}},"24":{"start":{"line":58,"column":16},"end":{"line":58,"column":62}},"25":{"start":{"line":63,"column":4},"end":{"line":63,"column":27}},"26":{"start":{"line":64,"column":4},"end":{"line":74,"column":5}},"27":{"start":{"line":65,"column":8},"end":{"line":73,"column":9}},"28":{"start":{"line":66,"column":12},"end":{"line":68,"column":13}},"29":{"start":{"line":67,"column":16},"end":{"line":67,"column":54}},"30":{"start":{"line":70,"column":12},"end":{"line":72,"column":13}},"31":{"start":{"line":71,"column":16},"end":{"line":71,"column":60}},"32":{"start":{"line":75,"column":4},"end":{"line":75,"column":32}},"33":{"start":{"line":76,"column":4},"end":{"line":78,"column":5}},"34":{"start":{"line":77,"column":8},"end":{"line":77,"column":56}},"35":{"start":{"line":79,"column":4},"end":{"line":79,"column":29}},"36":{"start":{"line":80,"column":4},"end":{"line":82,"column":5}},"37":{"start":{"line":81,"column":8},"end":{"line":81,"column":50}},"38":{"start":{"line":84,"column":4},"end":{"line":84,"column":20}},"39":{"start":{"line":85,"column":4},"end":{"line":87,"column":5}},"40":{"start":{"line":86,"column":8},"end":{"line":86,"column":32}},"41":{"start":{"line":90,"column":4},"end":{"line":90,"column":26}},"42":{"start":{"line":91,"column":4},"end":{"line":91,"column":29}},"43":{"start":{"line":92,"column":4},"end":{"line":94,"column":5}},"44":{"start":{"line":93,"column":8},"end":{"line":93,"column":50}},"45":{"start":{"line":95,"column":4},"end":{"line":95,"column":30}},"46":{"start":{"line":107,"column":0},"end":{"line":118,"column":1}},"47":{"start":{"line":111,"column":4},"end":{"line":116,"column":5}},"48":{"start":{"line":113,"column":8},"end":{"line":115,"column":9}},"49":{"start":{"line":114,"column":12},"end":{"line":114,"column":24}},"50":{"start":{"line":117,"column":4},"end":{"line":117,"column":17}},"51":{"start":{"line":126,"column":0},"end":{"line":176,"column":2}},"52":{"start":{"line":127,"column":4},"end":{"line":127,"column":20}},"53":{"start":{"line":128,"column":4},"end":{"line":128,"column":21}},"54":{"start":{"line":131,"column":4},"end":{"line":131,"column":39}},"55":{"start":{"line":133,"column":4},"end":{"line":175,"column":5}},"56":{"start":{"line":134,"column":8},"end":{"line":144,"column":51}},"57":{"start":{"line":147,"column":8},"end":{"line":172,"column":10}},"58":{"start":{"line":148,"column":12},"end":{"line":150,"column":13}},"59":{"start":{"line":149,"column":16},"end":{"line":149,"column":33}},"60":{"start":{"line":152,"column":12},"end":{"line":160,"column":53}},"61":{"start":{"line":162,"column":12},"end":{"line":171,"column":15}},"62":{"start":{"line":163,"column":16},"end":{"line":170,"column":17}},"63":{"start":{"line":164,"column":20},"end":{"line":164,"column":37}},"64":{"start":{"line":165,"column":20},"end":{"line":165,"column":40}},"65":{"start":{"line":167,"column":20},"end":{"line":167,"column":38}},"66":{"start":{"line":169,"column":20},"end":{"line":169,"column":41}},"67":{"start":{"line":174,"column":8},"end":{"line":174,"column":51}},"68":{"start":{"line":184,"column":0},"end":{"line":203,"column":2}},"69":{"start":{"line":186,"column":4},"end":{"line":186,"column":20}},"70":{"start":{"line":187,"column":4},"end":{"line":187,"column":39}},"71":{"start":{"line":188,"column":4},"end":{"line":202,"column":5}},"72":{"start":{"line":189,"column":8},"end":{"line":190,"column":159}},"73":{"start":{"line":192,"column":8},"end":{"line":199,"column":11}},"74":{"start":{"line":193,"column":12},"end":{"line":198,"column":13}},"75":{"start":{"line":194,"column":16},"end":{"line":194,"column":33}},"76":{"start":{"line":195,"column":16},"end":{"line":195,"column":36}},"77":{"start":{"line":197,"column":16},"end":{"line":197,"column":56}},"78":{"start":{"line":201,"column":8},"end":{"line":201,"column":50}},"79":{"start":{"line":207,"column":0},"end":{"line":207,"column":31}},"80":{"start":{"line":219,"column":0},"end":{"line":243,"column":2}},"81":{"start":{"line":221,"column":1},"end":{"line":221,"column":36}},"82":{"start":{"line":222,"column":1},"end":{"line":222,"column":71}},"83":{"start":{"line":224,"column":1},"end":{"line":242,"column":4}},"84":{"start":{"line":225,"column":8},"end":{"line":241,"column":9}},"85":{"start":{"line":226,"column":12},"end":{"line":226,"column":29}},"86":{"start":{"line":227,"column":12},"end":{"line":227,"column":32}},"87":{"start":{"line":228,"column":15},"end":{"line":241,"column":9}},"88":{"start":{"line":229,"column":12},"end":{"line":229,"column":64}},"89":{"start":{"line":230,"column":12},"end":{"line":238,"column":15}},"90":{"start":{"line":231,"column":16},"end":{"line":237,"column":17}},"91":{"start":{"line":232,"column":20},"end":{"line":232,"column":37}},"92":{"start":{"line":233,"column":20},"end":{"line":233,"column":40}},"93":{"start":{"line":235,"column":20},"end":{"line":235,"column":71}},"94":{"start":{"line":236,"column":20},"end":{"line":236,"column":59}},"95":{"start":{"line":240,"column":12},"end":{"line":240,"column":33}},"96":{"start":{"line":257,"column":0},"end":{"line":270,"column":2}},"97":{"start":{"line":258,"column":4},"end":{"line":258,"column":39}},"98":{"start":{"line":260,"column":4},"end":{"line":260,"column":79}},"99":{"start":{"line":261,"column":4},"end":{"line":268,"column":7}},"100":{"start":{"line":262,"column":8},"end":{"line":267,"column":9}},"101":{"start":{"line":263,"column":12},"end":{"line":263,"column":29}},"102":{"start":{"line":264,"column":12},"end":{"line":264,"column":32}},"103":{"start":{"line":266,"column":12},"end":{"line":266,"column":43}},"104":{"start":{"line":280,"column":0},"end":{"line":299,"column":2}},"105":{"start":{"line":281,"column":4},"end":{"line":281,"column":39}},"106":{"start":{"line":283,"column":4},"end":{"line":283,"column":80}},"107":{"start":{"line":284,"column":4},"end":{"line":284,"column":85}},"108":{"start":{"line":286,"column":4},"end":{"line":298,"column":7}},"109":{"start":{"line":287,"column":8},"end":{"line":290,"column":9}},"110":{"start":{"line":288,"column":12},"end":{"line":288,"column":29}},"111":{"start":{"line":289,"column":12},"end":{"line":289,"column":26}},"112":{"start":{"line":294,"column":8},"end":{"line":296,"column":9}},"113":{"start":{"line":295,"column":12},"end":{"line":295,"column":29}},"114":{"start":{"line":297,"column":8},"end":{"line":297,"column":22}},"115":{"start":{"line":311,"column":0},"end":{"line":345,"column":2}},"116":{"start":{"line":314,"column":4},"end":{"line":314,"column":39}},"117":{"start":{"line":315,"column":4},"end":{"line":315,"column":55}},"118":{"start":{"line":316,"column":4},"end":{"line":344,"column":5}},"119":{"start":{"line":317,"column":8},"end":{"line":317,"column":55}},"120":{"start":{"line":318,"column":8},"end":{"line":341,"column":11}},"121":{"start":{"line":319,"column":12},"end":{"line":325,"column":14}},"122":{"start":{"line":327,"column":12},"end":{"line":340,"column":13}},"123":{"start":{"line":328,"column":16},"end":{"line":328,"column":36}},"124":{"start":{"line":330,"column":16},"end":{"line":330,"column":33}},"125":{"start":{"line":331,"column":16},"end":{"line":338,"column":18}},"126":{"start":{"line":332,"column":20},"end":{"line":337,"column":21}},"127":{"start":{"line":333,"column":24},"end":{"line":333,"column":44}},"128":{"start":{"line":335,"column":24},"end":{"line":335,"column":66}},"129":{"start":{"line":336,"column":24},"end":{"line":336,"column":54}},"130":{"start":{"line":343,"column":8},"end":{"line":343,"column":50}}},"branchMap":{"1":{"line":22,"type":"if","locations":[{"start":{"line":22,"column":0},"end":{"line":22,"column":0}},{"start":{"line":22,"column":0},"end":{"line":22,"column":0}}]},"2":{"line":43,"type":"if","locations":[{"start":{"line":43,"column":4},"end":{"line":43,"column":4}},{"start":{"line":43,"column":4},"end":{"line":43,"column":4}}]},"3":{"line":43,"type":"binary-expr","locations":[{"start":{"line":43,"column":8},"end":{"line":43,"column":39}},{"start":{"line":43,"column":43},"end":{"line":43,"column":68}}]},"4":{"line":44,"type":"if","locations":[{"start":{"line":44,"column":8},"end":{"line":44,"column":8}},{"start":{"line":44,"column":8},"end":{"line":44,"column":8}}]},"5":{"line":51,"type":"if","locations":[{"start":{"line":51,"column":4},"end":{"line":51,"column":4}},{"start":{"line":51,"column":4},"end":{"line":51,"column":4}}]},"6":{"line":51,"type":"binary-expr","locations":[{"start":{"line":51,"column":8},"end":{"line":51,"column":40}},{"start":{"line":51,"column":44},"end":{"line":51,"column":68}}]},"7":{"line":52,"type":"if","locations":[{"start":{"line":52,"column":8},"end":{"line":52,"column":8}},{"start":{"line":52,"column":8},"end":{"line":52,"column":8}}]},"8":{"line":53,"type":"if","locations":[{"start":{"line":53,"column":12},"end":{"line":53,"column":12}},{"start":{"line":53,"column":12},"end":{"line":53,"column":12}}]},"9":{"line":57,"type":"if","locations":[{"start":{"line":57,"column":12},"end":{"line":57,"column":12}},{"start":{"line":57,"column":12},"end":{"line":57,"column":12}}]},"10":{"line":64,"type":"if","locations":[{"start":{"line":64,"column":4},"end":{"line":64,"column":4}},{"start":{"line":64,"column":4},"end":{"line":64,"column":4}}]},"11":{"line":64,"type":"binary-expr","locations":[{"start":{"line":64,"column":8},"end":{"line":64,"column":41}},{"start":{"line":64,"column":45},"end":{"line":64,"column":70}}]},"12":{"line":65,"type":"if","locations":[{"start":{"line":65,"column":8},"end":{"line":65,"column":8}},{"start":{"line":65,"column":8},"end":{"line":65,"column":8}}]},"13":{"line":66,"type":"if","locations":[{"start":{"line":66,"column":12},"end":{"line":66,"column":12}},{"start":{"line":66,"column":12},"end":{"line":66,"column":12}}]},"14":{"line":70,"type":"if","locations":[{"start":{"line":70,"column":12},"end":{"line":70,"column":12}},{"start":{"line":70,"column":12},"end":{"line":70,"column":12}}]},"15":{"line":76,"type":"if","locations":[{"start":{"line":76,"column":4},"end":{"line":76,"column":4}},{"start":{"line":76,"column":4},"end":{"line":76,"column":4}}]},"16":{"line":80,"type":"if","locations":[{"start":{"line":80,"column":4},"end":{"line":80,"column":4}},{"start":{"line":80,"column":4},"end":{"line":80,"column":4}}]},"17":{"line":85,"type":"if","locations":[{"start":{"line":85,"column":4},"end":{"line":85,"column":4}},{"start":{"line":85,"column":4},"end":{"line":85,"column":4}}]},"18":{"line":92,"type":"if","locations":[{"start":{"line":92,"column":4},"end":{"line":92,"column":4}},{"start":{"line":92,"column":4},"end":{"line":92,"column":4}}]},"19":{"line":92,"type":"binary-expr","locations":[{"start":{"line":92,"column":8},"end":{"line":92,"column":43}},{"start":{"line":92,"column":47},"end":{"line":92,"column":76}}]},"20":{"line":111,"type":"if","locations":[{"start":{"line":111,"column":4},"end":{"line":111,"column":4}},{"start":{"line":111,"column":4},"end":{"line":111,"column":4}}]},"21":{"line":111,"type":"binary-expr","locations":[{"start":{"line":111,"column":8},"end":{"line":111,"column":31}},{"start":{"line":111,"column":35},"end":{"line":111,"column":57}},{"start":{"line":111,"column":61},"end":{"line":111,"column":82}},{"start":{"line":111,"column":86},"end":{"line":111,"column":105}},{"start":{"line":111,"column":109},"end":{"line":111,"column":133}},{"start":{"line":112,"column":12},"end":{"line":112,"column":34}},{"start":{"line":112,"column":38},"end":{"line":112,"column":57}},{"start":{"line":112,"column":61},"end":{"line":112,"column":87}}]},"22":{"line":113,"type":"if","locations":[{"start":{"line":113,"column":8},"end":{"line":113,"column":8}},{"start":{"line":113,"column":8},"end":{"line":113,"column":8}}]},"23":{"line":133,"type":"if","locations":[{"start":{"line":133,"column":4},"end":{"line":133,"column":4}},{"start":{"line":133,"column":4},"end":{"line":133,"column":4}}]},"24":{"line":133,"type":"binary-expr","locations":[{"start":{"line":133,"column":8},"end":{"line":133,"column":26}},{"start":{"line":133,"column":30},"end":{"line":133,"column":45}}]},"25":{"line":148,"type":"if","locations":[{"start":{"line":148,"column":12},"end":{"line":148,"column":12}},{"start":{"line":148,"column":12},"end":{"line":148,"column":12}}]},"26":{"line":163,"type":"if","locations":[{"start":{"line":163,"column":16},"end":{"line":163,"column":16}},{"start":{"line":163,"column":16},"end":{"line":163,"column":16}}]},"27":{"line":163,"type":"binary-expr","locations":[{"start":{"line":163,"column":20},"end":{"line":163,"column":30}},{"start":{"line":163,"column":34},"end":{"line":163,"column":45}}]},"28":{"line":188,"type":"if","locations":[{"start":{"line":188,"column":4},"end":{"line":188,"column":4}},{"start":{"line":188,"column":4},"end":{"line":188,"column":4}}]},"29":{"line":188,"type":"binary-expr","locations":[{"start":{"line":188,"column":8},"end":{"line":188,"column":26}},{"start":{"line":188,"column":30},"end":{"line":188,"column":52}}]},"30":{"line":193,"type":"if","locations":[{"start":{"line":193,"column":12},"end":{"line":193,"column":12}},{"start":{"line":193,"column":12},"end":{"line":193,"column":12}}]},"31":{"line":225,"type":"if","locations":[{"start":{"line":225,"column":8},"end":{"line":225,"column":8}},{"start":{"line":225,"column":8},"end":{"line":225,"column":8}}]},"32":{"line":228,"type":"if","locations":[{"start":{"line":228,"column":15},"end":{"line":228,"column":15}},{"start":{"line":228,"column":15},"end":{"line":228,"column":15}}]},"33":{"line":231,"type":"if","locations":[{"start":{"line":231,"column":16},"end":{"line":231,"column":16}},{"start":{"line":231,"column":16},"end":{"line":231,"column":16}}]},"34":{"line":231,"type":"binary-expr","locations":[{"start":{"line":231,"column":20},"end":{"line":231,"column":30}},{"start":{"line":231,"column":34},"end":{"line":231,"column":51}}]},"35":{"line":262,"type":"if","locations":[{"start":{"line":262,"column":8},"end":{"line":262,"column":8}},{"start":{"line":262,"column":8},"end":{"line":262,"column":8}}]},"36":{"line":262,"type":"binary-expr","locations":[{"start":{"line":262,"column":12},"end":{"line":262,"column":21}},{"start":{"line":262,"column":25},"end":{"line":262,"column":47}}]},"37":{"line":287,"type":"if","locations":[{"start":{"line":287,"column":8},"end":{"line":287,"column":8}},{"start":{"line":287,"column":8},"end":{"line":287,"column":8}}]},"38":{"line":294,"type":"if","locations":[{"start":{"line":294,"column":8},"end":{"line":294,"column":8}},{"start":{"line":294,"column":8},"end":{"line":294,"column":8}}]},"39":{"line":316,"type":"if","locations":[{"start":{"line":316,"column":4},"end":{"line":316,"column":4}},{"start":{"line":316,"column":4},"end":{"line":316,"column":4}}]},"40":{"line":316,"type":"binary-expr","locations":[{"start":{"line":316,"column":8},"end":{"line":316,"column":30}},{"start":{"line":316,"column":34},"end":{"line":316,"column":67}},{"start":{"line":316,"column":71},"end":{"line":316,"column":103}}]},"41":{"line":327,"type":"if","locations":[{"start":{"line":327,"column":12},"end":{"line":327,"column":12}},{"start":{"line":327,"column":12},"end":{"line":327,"column":12}}]},"42":{"line":327,"type":"binary-expr","locations":[{"start":{"line":327,"column":16},"end":{"line":327,"column":27}},{"start":{"line":327,"column":31},"end":{"line":327,"column":52}}]},"43":{"line":332,"type":"if","locations":[{"start":{"line":332,"column":20},"end":{"line":332,"column":20}},{"start":{"line":332,"column":20},"end":{"line":332,"column":20}}]},"44":{"line":332,"type":"binary-expr","locations":[{"start":{"line":332,"column":24},"end":{"line":332,"column":35}},{"start":{"line":332,"column":39},"end":{"line":332,"column":56}}]}}},"/Users/NatchaS/Documents/workspace/WebProg/320MusicLessonPlanner/server/model/lesson-schedule.js":{"path":"/Users/NatchaS/Documents/workspace/WebProg/320MusicLessonPlanner/server/model/lesson-schedule.js","s":{"1":1,"2":1,"3":1,"4":0,"5":1,"6":9,"7":9,"8":5,"9":4,"10":9,"11":9,"12":8,"13":4,"14":4,"15":9,"16":9,"17":9,"18":5,"19":9,"20":9,"21":5,"22":9,"23":9,"24":7,"25":1,"26":4,"27":4,"28":1,"29":2,"30":2,"31":2,"32":2,"33":2,"34":2,"35":2,"36":2,"37":1,"38":1,"39":1,"40":1,"41":1,"42":0,"43":1,"44":1,"45":1,"46":1,"47":1,"48":1,"49":0,"50":0,"51":1,"52":1,"53":1,"54":5,"55":5,"56":5,"57":2,"58":0,"59":2,"60":3,"61":3,"62":1,"63":3,"64":3,"65":3,"66":0,"67":0,"68":3,"69":1,"70":1,"71":1,"72":1,"73":1,"74":0,"75":0,"76":1,"77":1,"78":0,"79":0,"80":1,"81":2,"82":2,"83":2,"84":2,"85":2,"86":2,"87":2,"88":2,"89":2,"90":2,"91":10,"92":8,"93":10,"94":10,"95":10,"96":10,"97":0,"98":2,"99":2,"100":0,"101":0,"102":2},"b":{"1":[0,1],"2":[5,4],"3":[8,1],"4":[9,9],"5":[4,4],"6":[5,4],"7":[5,4],"8":[7,2],"9":[4,4,4,4],"10":[2,0],"11":[1,1],"12":[2,1],"13":[0,1],"14":[2,3],"15":[5,4],"16":[0,2],"17":[0,3],"18":[3,3],"19":[0,1],"20":[2,0],"21":[8,2],"22":[0,10],"23":[0,2],"24":[2,2]},"f":{"1":9,"2":4,"3":2,"4":2,"5":2,"6":1,"7":1,"8":5,"9":5,"10":3,"11":3,"12":1,"13":1,"14":0,"15":2,"16":2,"17":10,"18":2},"fnMap":{"1":{"name":"(anonymous_1)","line":18,"loc":{"start":{"line":18,"column":21},"end":{"line":18,"column":40}}},"2":{"name":"validateInput","line":50,"loc":{"start":{"line":50,"column":0},"end":{"line":50,"column":37}}},"3":{"name":"(anonymous_3)","line":59,"loc":{"start":{"line":59,"column":32},"end":{"line":59,"column":66}}},"4":{"name":"(anonymous_4)","line":82,"loc":{"start":{"line":82,"column":32},"end":{"line":82,"column":46}}},"5":{"name":"(anonymous_5)","line":83,"loc":{"start":{"line":83,"column":26},"end":{"line":83,"column":45}}},"6":{"name":"(anonymous_6)","line":110,"loc":{"start":{"line":110,"column":34},"end":{"line":110,"column":53}}},"7":{"name":"(anonymous_7)","line":116,"loc":{"start":{"line":116,"column":18},"end":{"line":116,"column":32}}},"8":{"name":"(anonymous_8)","line":135,"loc":{"start":{"line":135,"column":21},"end":{"line":135,"column":46}}},"9":{"name":"(anonymous_9)","line":138,"loc":{"start":{"line":138,"column":74},"end":{"line":138,"column":93}}},"10":{"name":"(anonymous_10)","line":155,"loc":{"start":{"line":155,"column":22},"end":{"line":155,"column":46}}},"11":{"name":"(anonymous_11)","line":158,"loc":{"start":{"line":158,"column":72},"end":{"line":158,"column":92}}},"12":{"name":"(anonymous_12)","line":173,"loc":{"start":{"line":173,"column":24},"end":{"line":173,"column":49}}},"13":{"name":"(anonymous_13)","line":176,"loc":{"start":{"line":176,"column":29},"end":{"line":176,"column":43}}},"14":{"name":"(anonymous_14)","line":196,"loc":{"start":{"line":196,"column":24},"end":{"line":196,"column":68}}},"15":{"name":"(anonymous_15)","line":203,"loc":{"start":{"line":203,"column":31},"end":{"line":203,"column":78}}},"16":{"name":"(anonymous_16)","line":212,"loc":{"start":{"line":212,"column":21},"end":{"line":212,"column":32}}},"17":{"name":"(anonymous_17)","line":230,"loc":{"start":{"line":230,"column":40},"end":{"line":230,"column":54}}},"18":{"name":"(anonymous_18)","line":236,"loc":{"start":{"line":236,"column":30},"end":{"line":236,"column":55}}}},"statementMap":{"1":{"start":{"line":13,"column":0},"end":{"line":13,"column":38}},"2":{"start":{"line":15,"column":0},"end":{"line":15,"column":54}},"3":{"start":{"line":16,"column":0},"end":{"line":16,"column":58}},"4":{"start":{"line":16,"column":25},"end":{"line":16,"column":58}},"5":{"start":{"line":18,"column":0},"end":{"line":48,"column":2}},"6":{"start":{"line":19,"column":4},"end":{"line":19,"column":21}},"7":{"start":{"line":20,"column":4},"end":{"line":25,"column":5}},"8":{"start":{"line":21,"column":8},"end":{"line":21,"column":34}},"9":{"start":{"line":23,"column":8},"end":{"line":23,"column":44}},"10":{"start":{"line":27,"column":4},"end":{"line":27,"column":26}},"11":{"start":{"line":28,"column":4},"end":{"line":34,"column":5}},"12":{"start":{"line":29,"column":8},"end":{"line":33,"column":9}},"13":{"start":{"line":30,"column":12},"end":{"line":30,"column":50}},"14":{"start":{"line":32,"column":12},"end":{"line":32,"column":60}},"15":{"start":{"line":35,"column":4},"end":{"line":35,"column":46}},"16":{"start":{"line":36,"column":4},"end":{"line":36,"column":77}},"17":{"start":{"line":37,"column":4},"end":{"line":39,"column":5}},"18":{"start":{"line":38,"column":8},"end":{"line":38,"column":36}},"19":{"start":{"line":40,"column":4},"end":{"line":40,"column":21}},"20":{"start":{"line":41,"column":4},"end":{"line":43,"column":5}},"21":{"start":{"line":42,"column":8},"end":{"line":42,"column":34}},"22":{"start":{"line":44,"column":4},"end":{"line":44,"column":20}},"23":{"start":{"line":45,"column":4},"end":{"line":47,"column":5}},"24":{"start":{"line":46,"column":8},"end":{"line":46,"column":32}},"25":{"start":{"line":50,"column":0},"end":{"line":53,"column":1}},"26":{"start":{"line":51,"column":4},"end":{"line":51,"column":168}},"27":{"start":{"line":52,"column":4},"end":{"line":52,"column":17}},"28":{"start":{"line":59,"column":0},"end":{"line":99,"column":2}},"29":{"start":{"line":60,"column":4},"end":{"line":60,"column":20}},"30":{"start":{"line":61,"column":4},"end":{"line":61,"column":21}},"31":{"start":{"line":62,"column":4},"end":{"line":62,"column":39}},"32":{"start":{"line":64,"column":4},"end":{"line":98,"column":5}},"33":{"start":{"line":65,"column":8},"end":{"line":71,"column":35}},"34":{"start":{"line":72,"column":8},"end":{"line":77,"column":35}},"35":{"start":{"line":82,"column":8},"end":{"line":93,"column":11}},"36":{"start":{"line":84,"column":12},"end":{"line":92,"column":13}},"37":{"start":{"line":86,"column":16},"end":{"line":86,"column":36}},"38":{"start":{"line":88,"column":16},"end":{"line":88,"column":62}},"39":{"start":{"line":89,"column":16},"end":{"line":89,"column":48}},"40":{"start":{"line":90,"column":16},"end":{"line":90,"column":37}},"41":{"start":{"line":91,"column":16},"end":{"line":91,"column":48}},"42":{"start":{"line":95,"column":8},"end":{"line":97,"column":17}},"43":{"start":{"line":110,"column":0},"end":{"line":125,"column":2}},"44":{"start":{"line":112,"column":4},"end":{"line":112,"column":39}},"45":{"start":{"line":113,"column":4},"end":{"line":113,"column":20}},"46":{"start":{"line":114,"column":4},"end":{"line":115,"column":86}},"47":{"start":{"line":116,"column":4},"end":{"line":123,"column":7}},"48":{"start":{"line":117,"column":8},"end":{"line":122,"column":9}},"49":{"start":{"line":118,"column":12},"end":{"line":118,"column":35}},"50":{"start":{"line":119,"column":12},"end":{"line":119,"column":26}},"51":{"start":{"line":121,"column":12},"end":{"line":121,"column":53}},"52":{"start":{"line":128,"column":0},"end":{"line":128,"column":32}},"53":{"start":{"line":135,"column":0},"end":{"line":147,"column":2}},"54":{"start":{"line":137,"column":4},"end":{"line":137,"column":39}},"55":{"start":{"line":138,"column":4},"end":{"line":146,"column":6}},"56":{"start":{"line":139,"column":8},"end":{"line":145,"column":9}},"57":{"start":{"line":140,"column":12},"end":{"line":140,"column":44}},"58":{"start":{"line":140,"column":27},"end":{"line":140,"column":44}},"59":{"start":{"line":141,"column":12},"end":{"line":141,"column":32}},"60":{"start":{"line":143,"column":12},"end":{"line":143,"column":51}},"61":{"start":{"line":144,"column":12},"end":{"line":144,"column":37}},"62":{"start":{"line":155,"column":0},"end":{"line":167,"column":2}},"63":{"start":{"line":156,"column":4},"end":{"line":156,"column":39}},"64":{"start":{"line":158,"column":4},"end":{"line":166,"column":7}},"65":{"start":{"line":159,"column":8},"end":{"line":165,"column":9}},"66":{"start":{"line":160,"column":12},"end":{"line":160,"column":29}},"67":{"start":{"line":161,"column":12},"end":{"line":161,"column":32}},"68":{"start":{"line":164,"column":12},"end":{"line":164,"column":33}},"69":{"start":{"line":173,"column":0},"end":{"line":184,"column":2}},"70":{"start":{"line":174,"column":4},"end":{"line":174,"column":39}},"71":{"start":{"line":175,"column":4},"end":{"line":175,"column":86}},"72":{"start":{"line":176,"column":4},"end":{"line":183,"column":7}},"73":{"start":{"line":177,"column":8},"end":{"line":182,"column":9}},"74":{"start":{"line":178,"column":12},"end":{"line":178,"column":29}},"75":{"start":{"line":179,"column":12},"end":{"line":179,"column":26}},"76":{"start":{"line":181,"column":12},"end":{"line":181,"column":27}},"77":{"start":{"line":196,"column":0},"end":{"line":200,"column":2}},"78":{"start":{"line":197,"column":4},"end":{"line":197,"column":52}},"79":{"start":{"line":198,"column":4},"end":{"line":198,"column":47}},"80":{"start":{"line":203,"column":0},"end":{"line":246,"column":1}},"81":{"start":{"line":204,"column":4},"end":{"line":204,"column":39}},"82":{"start":{"line":205,"column":4},"end":{"line":205,"column":21}},"83":{"start":{"line":206,"column":4},"end":{"line":206,"column":22}},"84":{"start":{"line":207,"column":4},"end":{"line":207,"column":55}},"85":{"start":{"line":208,"column":4},"end":{"line":208,"column":54}},"86":{"start":{"line":209,"column":4},"end":{"line":245,"column":5}},"87":{"start":{"line":210,"column":8},"end":{"line":211,"column":39}},"88":{"start":{"line":212,"column":8},"end":{"line":244,"column":11}},"89":{"start":{"line":213,"column":12},"end":{"line":213,"column":55}},"90":{"start":{"line":214,"column":12},"end":{"line":235,"column":13}},"91":{"start":{"line":215,"column":16},"end":{"line":217,"column":17}},"92":{"start":{"line":216,"column":20},"end":{"line":216,"column":61}},"93":{"start":{"line":218,"column":16},"end":{"line":218,"column":56}},"94":{"start":{"line":220,"column":16},"end":{"line":227,"column":43}},"95":{"start":{"line":230,"column":16},"end":{"line":234,"column":18}},"96":{"start":{"line":231,"column":20},"end":{"line":233,"column":21}},"97":{"start":{"line":232,"column":24},"end":{"line":232,"column":41}},"98":{"start":{"line":236,"column":12},"end":{"line":243,"column":15}},"99":{"start":{"line":237,"column":16},"end":{"line":242,"column":17}},"100":{"start":{"line":238,"column":20},"end":{"line":238,"column":37}},"101":{"start":{"line":239,"column":20},"end":{"line":239,"column":40}},"102":{"start":{"line":241,"column":20},"end":{"line":241,"column":46}}},"branchMap":{"1":{"line":16,"type":"if","locations":[{"start":{"line":16,"column":0},"end":{"line":16,"column":0}},{"start":{"line":16,"column":0},"end":{"line":16,"column":0}}]},"2":{"line":20,"type":"if","locations":[{"start":{"line":20,"column":4},"end":{"line":20,"column":4}},{"start":{"line":20,"column":4},"end":{"line":20,"column":4}}]},"3":{"line":28,"type":"if","locations":[{"start":{"line":28,"column":4},"end":{"line":28,"column":4}},{"start":{"line":28,"column":4},"end":{"line":28,"column":4}}]},"4":{"line":28,"type":"binary-expr","locations":[{"start":{"line":28,"column":8},"end":{"line":28,"column":39}},{"start":{"line":28,"column":43},"end":{"line":28,"column":68}}]},"5":{"line":29,"type":"if","locations":[{"start":{"line":29,"column":8},"end":{"line":29,"column":8}},{"start":{"line":29,"column":8},"end":{"line":29,"column":8}}]},"6":{"line":37,"type":"if","locations":[{"start":{"line":37,"column":4},"end":{"line":37,"column":4}},{"start":{"line":37,"column":4},"end":{"line":37,"column":4}}]},"7":{"line":41,"type":"if","locations":[{"start":{"line":41,"column":4},"end":{"line":41,"column":4}},{"start":{"line":41,"column":4},"end":{"line":41,"column":4}}]},"8":{"line":45,"type":"if","locations":[{"start":{"line":45,"column":4},"end":{"line":45,"column":4}},{"start":{"line":45,"column":4},"end":{"line":45,"column":4}}]},"9":{"line":51,"type":"binary-expr","locations":[{"start":{"line":51,"column":16},"end":{"line":51,"column":47}},{"start":{"line":51,"column":51},"end":{"line":51,"column":88}},{"start":{"line":51,"column":92},"end":{"line":51,"column":131}},{"start":{"line":51,"column":135},"end":{"line":51,"column":167}}]},"10":{"line":64,"type":"if","locations":[{"start":{"line":64,"column":4},"end":{"line":64,"column":4}},{"start":{"line":64,"column":4},"end":{"line":64,"column":4}}]},"11":{"line":84,"type":"if","locations":[{"start":{"line":84,"column":12},"end":{"line":84,"column":12}},{"start":{"line":84,"column":12},"end":{"line":84,"column":12}}]},"12":{"line":84,"type":"binary-expr","locations":[{"start":{"line":84,"column":16},"end":{"line":84,"column":27}},{"start":{"line":84,"column":31},"end":{"line":84,"column":42}}]},"13":{"line":117,"type":"if","locations":[{"start":{"line":117,"column":8},"end":{"line":117,"column":8}},{"start":{"line":117,"column":8},"end":{"line":117,"column":8}}]},"14":{"line":139,"type":"if","locations":[{"start":{"line":139,"column":8},"end":{"line":139,"column":8}},{"start":{"line":139,"column":8},"end":{"line":139,"column":8}}]},"15":{"line":139,"type":"binary-expr","locations":[{"start":{"line":139,"column":12},"end":{"line":139,"column":23}},{"start":{"line":139,"column":27},"end":{"line":139,"column":38}}]},"16":{"line":140,"type":"if","locations":[{"start":{"line":140,"column":12},"end":{"line":140,"column":12}},{"start":{"line":140,"column":12},"end":{"line":140,"column":12}}]},"17":{"line":159,"type":"if","locations":[{"start":{"line":159,"column":8},"end":{"line":159,"column":8}},{"start":{"line":159,"column":8},"end":{"line":159,"column":8}}]},"18":{"line":159,"type":"binary-expr","locations":[{"start":{"line":159,"column":12},"end":{"line":159,"column":23}},{"start":{"line":159,"column":27},"end":{"line":159,"column":39}}]},"19":{"line":177,"type":"if","locations":[{"start":{"line":177,"column":8},"end":{"line":177,"column":8}},{"start":{"line":177,"column":8},"end":{"line":177,"column":8}}]},"20":{"line":209,"type":"if","locations":[{"start":{"line":209,"column":4},"end":{"line":209,"column":4}},{"start":{"line":209,"column":4},"end":{"line":209,"column":4}}]},"21":{"line":215,"type":"if","locations":[{"start":{"line":215,"column":16},"end":{"line":215,"column":16}},{"start":{"line":215,"column":16},"end":{"line":215,"column":16}}]},"22":{"line":231,"type":"if","locations":[{"start":{"line":231,"column":20},"end":{"line":231,"column":20}},{"start":{"line":231,"column":20},"end":{"line":231,"column":20}}]},"23":{"line":237,"type":"if","locations":[{"start":{"line":237,"column":16},"end":{"line":237,"column":16}},{"start":{"line":237,"column":16},"end":{"line":237,"column":16}}]},"24":{"line":237,"type":"binary-expr","locations":[{"start":{"line":237,"column":20},"end":{"line":237,"column":31}},{"start":{"line":237,"column":35},"end":{"line":237,"column":52}}]}}},"/Users/NatchaS/Documents/workspace/WebProg/320MusicLessonPlanner/database/dbinit.js":{"path":"/Users/NatchaS/Documents/workspace/WebProg/320MusicLessonPlanner/database/dbinit.js","s":{"1":1,"2":1,"3":1,"4":1,"5":1,"6":1,"7":1,"8":1,"9":1,"10":1,"11":1,"12":1,"13":1,"14":1,"15":1,"16":1,"17":1,"18":1,"19":1,"20":1,"21":1,"22":1,"23":1,"24":1,"25":1,"26":1,"27":1,"28":1,"29":1,"30":1,"31":1,"32":1,"33":1,"34":0,"35":0,"36":0,"37":0,"38":0,"39":0,"40":0,"41":0,"42":0,"43":0,"44":0,"45":1,"46":49},"b":{"1":[1,0],"2":[1,0],"3":[1,0],"4":[1,0],"5":[1,0],"6":[1,1]},"f":{"1":1,"2":1,"3":0,"4":0,"5":49},"fnMap":{"1":{"name":"(anonymous_1)","line":25,"loc":{"start":{"line":25,"column":22},"end":{"line":25,"column":38}}},"2":{"name":"(anonymous_2)","line":29,"loc":{"start":{"line":29,"column":17},"end":{"line":29,"column":28}}},"3":{"name":"(anonymous_3)","line":61,"loc":{"start":{"line":61,"column":24},"end":{"line":61,"column":35}}},"4":{"name":"(anonymous_4)","line":64,"loc":{"start":{"line":64,"column":17},"end":{"line":64,"column":28}}},"5":{"name":"(anonymous_5)","line":87,"loc":{"start":{"line":87,"column":29},"end":{"line":87,"column":40}}}},"statementMap":{"1":{"start":{"line":1,"column":0},"end":{"line":1,"column":23}},"2":{"start":{"line":2,"column":0},"end":{"line":2,"column":23}},"3":{"start":{"line":3,"column":0},"end":{"line":3,"column":33}},"4":{"start":{"line":4,"column":0},"end":{"line":4,"column":22}},"5":{"start":{"line":7,"column":0},"end":{"line":7,"column":176}},"6":{"start":{"line":11,"column":0},"end":{"line":11,"column":143}},"7":{"start":{"line":12,"column":0},"end":{"line":12,"column":267}},"8":{"start":{"line":13,"column":0},"end":{"line":13,"column":215}},"9":{"start":{"line":16,"column":0},"end":{"line":16,"column":43}},"10":{"start":{"line":17,"column":0},"end":{"line":17,"column":43}},"11":{"start":{"line":18,"column":0},"end":{"line":18,"column":43}},"12":{"start":{"line":19,"column":0},"end":{"line":19,"column":44}},"13":{"start":{"line":23,"column":0},"end":{"line":23,"column":14}},"14":{"start":{"line":25,"column":0},"end":{"line":59,"column":1}},"15":{"start":{"line":26,"column":4},"end":{"line":26,"column":55}},"16":{"start":{"line":26,"column":42},"end":{"line":26,"column":55}},"17":{"start":{"line":27,"column":4},"end":{"line":27,"column":47}},"18":{"start":{"line":28,"column":4},"end":{"line":28,"column":36}},"19":{"start":{"line":29,"column":4},"end":{"line":58,"column":7}},"20":{"start":{"line":31,"column":8},"end":{"line":39,"column":9}},"21":{"start":{"line":32,"column":12},"end":{"line":32,"column":71}},"22":{"start":{"line":33,"column":12},"end":{"line":33,"column":30}},"23":{"start":{"line":34,"column":12},"end":{"line":34,"column":30}},"24":{"start":{"line":35,"column":12},"end":{"line":35,"column":30}},"25":{"start":{"line":36,"column":12},"end":{"line":36,"column":30}},"26":{"start":{"line":37,"column":12},"end":{"line":37,"column":29}},"27":{"start":{"line":42,"column":8},"end":{"line":57,"column":9}},"28":{"start":{"line":43,"column":12},"end":{"line":43,"column":50}},"29":{"start":{"line":44,"column":12},"end":{"line":44,"column":29}},"30":{"start":{"line":45,"column":12},"end":{"line":45,"column":29}},"31":{"start":{"line":46,"column":12},"end":{"line":46,"column":29}},"32":{"start":{"line":47,"column":12},"end":{"line":47,"column":29}},"33":{"start":{"line":61,"column":0},"end":{"line":86,"column":1}},"34":{"start":{"line":62,"column":4},"end":{"line":62,"column":47}},"35":{"start":{"line":63,"column":4},"end":{"line":63,"column":36}},"36":{"start":{"line":64,"column":4},"end":{"line":75,"column":7}},"37":{"start":{"line":65,"column":8},"end":{"line":65,"column":26}},"38":{"start":{"line":67,"column":8},"end":{"line":67,"column":26}},"39":{"start":{"line":68,"column":8},"end":{"line":68,"column":26}},"40":{"start":{"line":69,"column":8},"end":{"line":69,"column":26}},"41":{"start":{"line":71,"column":8},"end":{"line":71,"column":25}},"42":{"start":{"line":72,"column":8},"end":{"line":72,"column":25}},"43":{"start":{"line":73,"column":8},"end":{"line":73,"column":25}},"44":{"start":{"line":74,"column":8},"end":{"line":74,"column":24}},"45":{"start":{"line":87,"column":0},"end":{"line":90,"column":1}},"46":{"start":{"line":89,"column":4},"end":{"line":89,"column":14}}},"branchMap":{"1":{"line":26,"type":"if","locations":[{"start":{"line":26,"column":4},"end":{"line":26,"column":4}},{"start":{"line":26,"column":4},"end":{"line":26,"column":4}}]},"2":{"line":26,"type":"binary-expr","locations":[{"start":{"line":26,"column":8},"end":{"line":26,"column":19}},{"start":{"line":26,"column":23},"end":{"line":26,"column":40}}]},"3":{"line":31,"type":"if","locations":[{"start":{"line":31,"column":8},"end":{"line":31,"column":8}},{"start":{"line":31,"column":8},"end":{"line":31,"column":8}}]},"4":{"line":31,"type":"binary-expr","locations":[{"start":{"line":31,"column":12},"end":{"line":31,"column":23}},{"start":{"line":31,"column":27},"end":{"line":31,"column":44}}]},"5":{"line":42,"type":"if","locations":[{"start":{"line":42,"column":8},"end":{"line":42,"column":8}},{"start":{"line":42,"column":8},"end":{"line":42,"column":8}}]},"6":{"line":42,"type":"binary-expr","locations":[{"start":{"line":42,"column":12},"end":{"line":42,"column":19}},{"start":{"line":42,"column":23},"end":{"line":42,"column":32}}]}}},"/Users/NatchaS/Documents/workspace/WebProg/320MusicLessonPlanner/server/model/account.js":{"path":"/Users/NatchaS/Documents/workspace/WebProg/320MusicLessonPlanner/server/model/account.js","s":{"1":1,"2":1,"3":1,"4":1,"5":1,"6":1,"7":1,"8":1,"9":4,"10":4,"11":4,"12":3,"13":4,"14":4,"15":3,"16":1,"17":2,"18":2,"19":2,"20":1,"21":1,"22":1,"23":0,"24":1,"25":1,"26":1,"27":1,"28":1,"29":0,"30":0,"31":1,"32":1,"33":1,"34":1,"35":2,"36":2,"37":2,"38":2,"39":2,"40":0,"41":0,"42":2,"43":1,"44":1,"45":1,"46":3,"47":3,"48":3,"49":3,"50":1,"51":2,"52":2,"53":2,"54":0,"55":0,"56":2,"57":1,"58":3,"59":3,"60":2,"61":1,"62":1,"63":3,"64":0,"65":3,"66":3,"67":1,"68":2,"69":2,"70":1},"b":{"1":[3,1],"2":[3,1],"3":[1,1],"4":[0,1],"5":[0,1],"6":[0,2],"7":[1,1],"8":[1,2],"9":[3,3],"10":[0,2],"11":[2,2],"12":[2,1],"13":[3,2],"14":[0,3],"15":[1,2]},"f":{"1":4,"2":2,"3":1,"4":1,"5":1,"6":2,"7":2,"8":3,"9":3,"10":2,"11":3,"12":3,"13":0},"fnMap":{"1":{"name":"(anonymous_1)","line":10,"loc":{"start":{"line":10,"column":14},"end":{"line":10,"column":32}}},"2":{"name":"(anonymous_2)","line":22,"loc":{"start":{"line":22,"column":25},"end":{"line":22,"column":43}}},"3":{"name":"(anonymous_3)","line":26,"loc":{"start":{"line":26,"column":21},"end":{"line":26,"column":40}}},"4":{"name":"(anonymous_4)","line":27,"loc":{"start":{"line":27,"column":36},"end":{"line":27,"column":55}}},"5":{"name":"(anonymous_5)","line":36,"loc":{"start":{"line":36,"column":26},"end":{"line":36,"column":39}}},"6":{"name":"(anonymous_6)","line":64,"loc":{"start":{"line":64,"column":29},"end":{"line":64,"column":57}}},"7":{"name":"(anonymous_7)","line":70,"loc":{"start":{"line":70,"column":19},"end":{"line":70,"column":37}}},"8":{"name":"(anonymous_8)","line":83,"loc":{"start":{"line":83,"column":21},"end":{"line":83,"column":59}}},"9":{"name":"(anonymous_9)","line":87,"loc":{"start":{"line":87,"column":19},"end":{"line":87,"column":37}}},"10":{"name":"(anonymous_10)","line":92,"loc":{"start":{"line":92,"column":48},"end":{"line":92,"column":70}}},"11":{"name":"fetchToken","line":105,"loc":{"start":{"line":105,"column":0},"end":{"line":105,"column":26}}},"12":{"name":"(anonymous_12)","line":114,"loc":{"start":{"line":114,"column":32},"end":{"line":114,"column":46}}},"13":{"name":"(anonymous_13)","line":122,"loc":{"start":{"line":122,"column":29},"end":{"line":122,"column":54}}}},"statementMap":{"1":{"start":{"line":1,"column":0},"end":{"line":1,"column":38}},"2":{"start":{"line":2,"column":0},"end":{"line":2,"column":54}},"3":{"start":{"line":3,"column":0},"end":{"line":3,"column":31}},"4":{"start":{"line":4,"column":0},"end":{"line":4,"column":37}},"5":{"start":{"line":5,"column":0},"end":{"line":5,"column":38}},"6":{"start":{"line":6,"column":0},"end":{"line":6,"column":34}},"7":{"start":{"line":7,"column":0},"end":{"line":7,"column":44}},"8":{"start":{"line":10,"column":0},"end":{"line":20,"column":1}},"9":{"start":{"line":11,"column":1},"end":{"line":11,"column":35}},"10":{"start":{"line":12,"column":1},"end":{"line":12,"column":16}},"11":{"start":{"line":13,"column":1},"end":{"line":15,"column":2}},"12":{"start":{"line":14,"column":2},"end":{"line":14,"column":26}},"13":{"start":{"line":16,"column":1},"end":{"line":16,"column":22}},"14":{"start":{"line":17,"column":1},"end":{"line":19,"column":2}},"15":{"start":{"line":18,"column":2},"end":{"line":18,"column":36}},"16":{"start":{"line":22,"column":0},"end":{"line":50,"column":1}},"17":{"start":{"line":23,"column":1},"end":{"line":23,"column":17}},"18":{"start":{"line":24,"column":1},"end":{"line":24,"column":36}},"19":{"start":{"line":25,"column":1},"end":{"line":49,"column":2}},"20":{"start":{"line":26,"column":2},"end":{"line":46,"column":4}},"21":{"start":{"line":27,"column":3},"end":{"line":45,"column":6}},"22":{"start":{"line":28,"column":4},"end":{"line":44,"column":5}},"23":{"start":{"line":29,"column":5},"end":{"line":29,"column":25}},"24":{"start":{"line":31,"column":5},"end":{"line":31,"column":26}},"25":{"start":{"line":32,"column":5},"end":{"line":32,"column":17}},"26":{"start":{"line":33,"column":5},"end":{"line":34,"column":57}},"27":{"start":{"line":36,"column":5},"end":{"line":43,"column":8}},"28":{"start":{"line":37,"column":6},"end":{"line":42,"column":7}},"29":{"start":{"line":38,"column":7},"end":{"line":38,"column":24}},"30":{"start":{"line":39,"column":7},"end":{"line":39,"column":26}},"31":{"start":{"line":41,"column":7},"end":{"line":41,"column":28}},"32":{"start":{"line":48,"column":2},"end":{"line":48,"column":50}},"33":{"start":{"line":62,"column":0},"end":{"line":62,"column":25}},"34":{"start":{"line":64,"column":0},"end":{"line":81,"column":1}},"35":{"start":{"line":65,"column":1},"end":{"line":65,"column":36}},"36":{"start":{"line":66,"column":1},"end":{"line":66,"column":18}},"37":{"start":{"line":67,"column":1},"end":{"line":68,"column":20}},"38":{"start":{"line":70,"column":1},"end":{"line":79,"column":4}},"39":{"start":{"line":71,"column":2},"end":{"line":78,"column":3}},"40":{"start":{"line":72,"column":3},"end":{"line":72,"column":20}},"41":{"start":{"line":73,"column":3},"end":{"line":73,"column":23}},"42":{"start":{"line":74,"column":9},"end":{"line":78,"column":3}},"43":{"start":{"line":75,"column":3},"end":{"line":75,"column":25}},"44":{"start":{"line":77,"column":3},"end":{"line":77,"column":24}},"45":{"start":{"line":83,"column":0},"end":{"line":102,"column":2}},"46":{"start":{"line":84,"column":1},"end":{"line":84,"column":36}},"47":{"start":{"line":85,"column":1},"end":{"line":86,"column":23}},"48":{"start":{"line":87,"column":1},"end":{"line":101,"column":4}},"49":{"start":{"line":88,"column":2},"end":{"line":100,"column":3}},"50":{"start":{"line":89,"column":3},"end":{"line":89,"column":23}},"51":{"start":{"line":91,"column":3},"end":{"line":91,"column":36}},"52":{"start":{"line":92,"column":3},"end":{"line":99,"column":6}},"53":{"start":{"line":93,"column":4},"end":{"line":98,"column":5}},"54":{"start":{"line":94,"column":5},"end":{"line":94,"column":22}},"55":{"start":{"line":95,"column":5},"end":{"line":95,"column":25}},"56":{"start":{"line":97,"column":5},"end":{"line":97,"column":31}},"57":{"start":{"line":105,"column":0},"end":{"line":112,"column":1}},"58":{"start":{"line":107,"column":4},"end":{"line":107,"column":35}},"59":{"start":{"line":108,"column":4},"end":{"line":110,"column":5}},"60":{"start":{"line":109,"column":5},"end":{"line":109,"column":24}},"61":{"start":{"line":111,"column":4},"end":{"line":111,"column":16}},"62":{"start":{"line":114,"column":0},"end":{"line":120,"column":1}},"63":{"start":{"line":115,"column":1},"end":{"line":115,"column":35}},"64":{"start":{"line":115,"column":23},"end":{"line":115,"column":35}},"65":{"start":{"line":116,"column":4},"end":{"line":116,"column":33}},"66":{"start":{"line":117,"column":4},"end":{"line":117,"column":33}},"67":{"start":{"line":117,"column":21},"end":{"line":117,"column":33}},"68":{"start":{"line":118,"column":4},"end":{"line":118,"column":56}},"69":{"start":{"line":119,"column":4},"end":{"line":119,"column":22}},"70":{"start":{"line":122,"column":0},"end":{"line":124,"column":1}}},"branchMap":{"1":{"line":13,"type":"if","locations":[{"start":{"line":13,"column":1},"end":{"line":13,"column":1}},{"start":{"line":13,"column":1},"end":{"line":13,"column":1}}]},"2":{"line":17,"type":"if","locations":[{"start":{"line":17,"column":1},"end":{"line":17,"column":1}},{"start":{"line":17,"column":1},"end":{"line":17,"column":1}}]},"3":{"line":25,"type":"if","locations":[{"start":{"line":25,"column":1},"end":{"line":25,"column":1}},{"start":{"line":25,"column":1},"end":{"line":25,"column":1}}]},"4":{"line":28,"type":"if","locations":[{"start":{"line":28,"column":4},"end":{"line":28,"column":4}},{"start":{"line":28,"column":4},"end":{"line":28,"column":4}}]},"5":{"line":37,"type":"if","locations":[{"start":{"line":37,"column":6},"end":{"line":37,"column":6}},{"start":{"line":37,"column":6},"end":{"line":37,"column":6}}]},"6":{"line":71,"type":"if","locations":[{"start":{"line":71,"column":2},"end":{"line":71,"column":2}},{"start":{"line":71,"column":2},"end":{"line":71,"column":2}}]},"7":{"line":74,"type":"if","locations":[{"start":{"line":74,"column":9},"end":{"line":74,"column":9}},{"start":{"line":74,"column":9},"end":{"line":74,"column":9}}]},"8":{"line":88,"type":"if","locations":[{"start":{"line":88,"column":2},"end":{"line":88,"column":2}},{"start":{"line":88,"column":2},"end":{"line":88,"column":2}}]},"9":{"line":88,"type":"binary-expr","locations":[{"start":{"line":88,"column":6},"end":{"line":88,"column":17}},{"start":{"line":88,"column":21},"end":{"line":88,"column":32}}]},"10":{"line":93,"type":"if","locations":[{"start":{"line":93,"column":4},"end":{"line":93,"column":4}},{"start":{"line":93,"column":4},"end":{"line":93,"column":4}}]},"11":{"line":93,"type":"binary-expr","locations":[{"start":{"line":93,"column":8},"end":{"line":93,"column":11}},{"start":{"line":93,"column":15},"end":{"line":93,"column":23}}]},"12":{"line":108,"type":"if","locations":[{"start":{"line":108,"column":4},"end":{"line":108,"column":4}},{"start":{"line":108,"column":4},"end":{"line":108,"column":4}}]},"13":{"line":108,"type":"binary-expr","locations":[{"start":{"line":108,"column":8},"end":{"line":108,"column":29}},{"start":{"line":108,"column":33},"end":{"line":108,"column":51}}]},"14":{"line":115,"type":"if","locations":[{"start":{"line":115,"column":1},"end":{"line":115,"column":1}},{"start":{"line":115,"column":1},"end":{"line":115,"column":1}}]},"15":{"line":117,"type":"if","locations":[{"start":{"line":117,"column":4},"end":{"line":117,"column":4}},{"start":{"line":117,"column":4},"end":{"line":117,"column":4}}]}}},"/Users/NatchaS/Documents/workspace/WebProg/320MusicLessonPlanner/server/model/teacher.js":{"path":"/Users/NatchaS/Documents/workspace/WebProg/320MusicLessonPlanner/server/model/teacher.js","s":{"1":1,"2":1,"3":1,"4":0,"5":1,"6":1,"7":1,"8":7,"9":7,"10":7,"11":7,"12":4,"13":7,"14":7,"15":7,"16":1,"17":3,"18":1,"19":3,"20":3,"21":3,"22":3,"23":3,"24":3,"25":2,"26":2,"27":0,"28":2,"29":0,"30":0,"31":2,"32":2,"33":1,"34":1,"35":1,"36":1,"37":1,"38":1,"39":1,"40":0,"41":0,"42":1,"43":1,"44":1,"45":5,"46":5,"47":5,"48":2,"49":0,"50":2,"51":3,"52":3,"53":1,"54":1,"55":1,"56":1,"57":1,"58":1,"59":1,"60":1,"61":1,"62":0,"63":0,"64":1,"65":1,"66":1,"67":1},"b":{"1":[0,1],"2":[4,3],"3":[3,2,2,2],"4":[2,1],"5":[0,2],"6":[0,2],"7":[2,2],"8":[0,1],"9":[2,3],"10":[5,4],"11":[0,2],"12":[0,1]},"f":{"1":7,"2":3,"3":3,"4":2,"5":2,"6":1,"7":1,"8":5,"9":5,"10":1,"11":1,"12":1,"13":1,"14":1},"fnMap":{"1":{"name":"(anonymous_1)","line":15,"loc":{"start":{"line":15,"column":14},"end":{"line":15,"column":33}}},"2":{"name":"isValidInput","line":31,"loc":{"start":{"line":31,"column":0},"end":{"line":31,"column":24}}},"3":{"name":"(anonymous_3)","line":36,"loc":{"start":{"line":36,"column":25},"end":{"line":36,"column":44}}},"4":{"name":"(anonymous_4)","line":53,"loc":{"start":{"line":53,"column":38},"end":{"line":53,"column":52}}},"5":{"name":"(anonymous_5)","line":58,"loc":{"start":{"line":58,"column":24},"end":{"line":58,"column":42}}},"6":{"name":"(anonymous_6)","line":79,"loc":{"start":{"line":79,"column":27},"end":{"line":79,"column":46}}},"7":{"name":"(anonymous_7)","line":86,"loc":{"start":{"line":86,"column":19},"end":{"line":86,"column":32}}},"8":{"name":"(anonymous_8)","line":108,"loc":{"start":{"line":108,"column":21},"end":{"line":108,"column":45}}},"9":{"name":"(anonymous_9)","line":111,"loc":{"start":{"line":111,"column":70},"end":{"line":111,"column":89}}},"10":{"name":"(anonymous_10)","line":128,"loc":{"start":{"line":128,"column":22},"end":{"line":128,"column":41}}},"11":{"name":"(anonymous_11)","line":131,"loc":{"start":{"line":131,"column":36},"end":{"line":131,"column":56}}},"12":{"name":"(anonymous_12)","line":149,"loc":{"start":{"line":149,"column":24},"end":{"line":149,"column":48}}},"13":{"name":"(anonymous_13)","line":153,"loc":{"start":{"line":153,"column":27},"end":{"line":153,"column":41}}},"14":{"name":"(anonymous_14)","line":169,"loc":{"start":{"line":169,"column":24},"end":{"line":169,"column":53}}}},"statementMap":{"1":{"start":{"line":1,"column":0},"end":{"line":1,"column":38}},"2":{"start":{"line":3,"column":0},"end":{"line":3,"column":54}},"3":{"start":{"line":4,"column":0},"end":{"line":4,"column":58}},"4":{"start":{"line":4,"column":25},"end":{"line":4,"column":58}},"5":{"start":{"line":7,"column":0},"end":{"line":7,"column":19}},"6":{"start":{"line":8,"column":0},"end":{"line":8,"column":13}},"7":{"start":{"line":15,"column":0},"end":{"line":29,"column":2}},"8":{"start":{"line":18,"column":4},"end":{"line":18,"column":32}},"9":{"start":{"line":19,"column":4},"end":{"line":19,"column":40}},"10":{"start":{"line":20,"column":4},"end":{"line":20,"column":18}},"11":{"start":{"line":21,"column":4},"end":{"line":23,"column":5}},"12":{"start":{"line":22,"column":8},"end":{"line":22,"column":32}},"13":{"start":{"line":26,"column":4},"end":{"line":26,"column":32}},"14":{"start":{"line":27,"column":4},"end":{"line":27,"column":23}},"15":{"start":{"line":28,"column":4},"end":{"line":28,"column":22}},"16":{"start":{"line":31,"column":0},"end":{"line":33,"column":1}},"17":{"start":{"line":32,"column":4},"end":{"line":32,"column":96}},"18":{"start":{"line":36,"column":0},"end":{"line":70,"column":2}},"19":{"start":{"line":37,"column":4},"end":{"line":37,"column":20}},"20":{"start":{"line":38,"column":4},"end":{"line":38,"column":21}},"21":{"start":{"line":39,"column":4},"end":{"line":39,"column":39}},"22":{"start":{"line":41,"column":4},"end":{"line":48,"column":10}},"23":{"start":{"line":49,"column":4},"end":{"line":50,"column":28}},"24":{"start":{"line":52,"column":4},"end":{"line":69,"column":5}},"25":{"start":{"line":53,"column":8},"end":{"line":66,"column":11}},"26":{"start":{"line":54,"column":12},"end":{"line":56,"column":13}},"27":{"start":{"line":55,"column":16},"end":{"line":55,"column":33}},"28":{"start":{"line":59,"column":12},"end":{"line":65,"column":13}},"29":{"start":{"line":60,"column":16},"end":{"line":60,"column":33}},"30":{"start":{"line":61,"column":16},"end":{"line":61,"column":36}},"31":{"start":{"line":63,"column":16},"end":{"line":63,"column":35}},"32":{"start":{"line":64,"column":16},"end":{"line":64,"column":37}},"33":{"start":{"line":68,"column":8},"end":{"line":68,"column":57}},"34":{"start":{"line":79,"column":0},"end":{"line":94,"column":2}},"35":{"start":{"line":81,"column":4},"end":{"line":81,"column":39}},"36":{"start":{"line":82,"column":4},"end":{"line":82,"column":16}},"37":{"start":{"line":83,"column":4},"end":{"line":84,"column":63}},"38":{"start":{"line":86,"column":4},"end":{"line":93,"column":7}},"39":{"start":{"line":87,"column":8},"end":{"line":92,"column":9}},"40":{"start":{"line":88,"column":12},"end":{"line":88,"column":29}},"41":{"start":{"line":89,"column":12},"end":{"line":89,"column":32}},"42":{"start":{"line":91,"column":12},"end":{"line":91,"column":46}},"43":{"start":{"line":98,"column":0},"end":{"line":98,"column":25}},"44":{"start":{"line":108,"column":0},"end":{"line":120,"column":2}},"45":{"start":{"line":110,"column":4},"end":{"line":110,"column":39}},"46":{"start":{"line":111,"column":4},"end":{"line":119,"column":7}},"47":{"start":{"line":112,"column":8},"end":{"line":118,"column":9}},"48":{"start":{"line":113,"column":12},"end":{"line":113,"column":44}},"49":{"start":{"line":113,"column":27},"end":{"line":113,"column":44}},"50":{"start":{"line":114,"column":12},"end":{"line":114,"column":32}},"51":{"start":{"line":116,"column":12},"end":{"line":116,"column":43}},"52":{"start":{"line":117,"column":12},"end":{"line":117,"column":35}},"53":{"start":{"line":128,"column":0},"end":{"line":140,"column":2}},"54":{"start":{"line":129,"column":4},"end":{"line":129,"column":39}},"55":{"start":{"line":131,"column":4},"end":{"line":139,"column":7}},"56":{"start":{"line":132,"column":8},"end":{"line":132,"column":28}},"57":{"start":{"line":149,"column":0},"end":{"line":161,"column":2}},"58":{"start":{"line":150,"column":4},"end":{"line":150,"column":39}},"59":{"start":{"line":151,"column":4},"end":{"line":151,"column":80}},"60":{"start":{"line":153,"column":4},"end":{"line":160,"column":7}},"61":{"start":{"line":154,"column":8},"end":{"line":159,"column":9}},"62":{"start":{"line":155,"column":12},"end":{"line":155,"column":29}},"63":{"start":{"line":156,"column":12},"end":{"line":156,"column":26}},"64":{"start":{"line":158,"column":12},"end":{"line":158,"column":27}},"65":{"start":{"line":169,"column":0},"end":{"line":174,"column":2}},"66":{"start":{"line":172,"column":4},"end":{"line":172,"column":43}},"67":{"start":{"line":173,"column":4},"end":{"line":173,"column":30}}},"branchMap":{"1":{"line":4,"type":"if","locations":[{"start":{"line":4,"column":0},"end":{"line":4,"column":0}},{"start":{"line":4,"column":0},"end":{"line":4,"column":0}}]},"2":{"line":21,"type":"if","locations":[{"start":{"line":21,"column":4},"end":{"line":21,"column":4}},{"start":{"line":21,"column":4},"end":{"line":21,"column":4}}]},"3":{"line":32,"type":"binary-expr","locations":[{"start":{"line":32,"column":11},"end":{"line":32,"column":30}},{"start":{"line":32,"column":34},"end":{"line":32,"column":57}},{"start":{"line":32,"column":61},"end":{"line":32,"column":78}},{"start":{"line":32,"column":82},"end":{"line":32,"column":95}}]},"4":{"line":52,"type":"if","locations":[{"start":{"line":52,"column":4},"end":{"line":52,"column":4}},{"start":{"line":52,"column":4},"end":{"line":52,"column":4}}]},"5":{"line":54,"type":"if","locations":[{"start":{"line":54,"column":12},"end":{"line":54,"column":12}},{"start":{"line":54,"column":12},"end":{"line":54,"column":12}}]},"6":{"line":59,"type":"if","locations":[{"start":{"line":59,"column":12},"end":{"line":59,"column":12}},{"start":{"line":59,"column":12},"end":{"line":59,"column":12}}]},"7":{"line":59,"type":"binary-expr","locations":[{"start":{"line":59,"column":16},"end":{"line":59,"column":27}},{"start":{"line":59,"column":31},"end":{"line":59,"column":42}}]},"8":{"line":87,"type":"if","locations":[{"start":{"line":87,"column":8},"end":{"line":87,"column":8}},{"start":{"line":87,"column":8},"end":{"line":87,"column":8}}]},"9":{"line":112,"type":"if","locations":[{"start":{"line":112,"column":8},"end":{"line":112,"column":8}},{"start":{"line":112,"column":8},"end":{"line":112,"column":8}}]},"10":{"line":112,"type":"binary-expr","locations":[{"start":{"line":112,"column":12},"end":{"line":112,"column":21}},{"start":{"line":112,"column":25},"end":{"line":112,"column":34}}]},"11":{"line":113,"type":"if","locations":[{"start":{"line":113,"column":12},"end":{"line":113,"column":12}},{"start":{"line":113,"column":12},"end":{"line":113,"column":12}}]},"12":{"line":154,"type":"if","locations":[{"start":{"line":154,"column":8},"end":{"line":154,"column":8}},{"start":{"line":154,"column":8},"end":{"line":154,"column":8}}]}}},"/Users/NatchaS/Documents/workspace/WebProg/320MusicLessonPlanner/server/config/secret.js":{"path":"/Users/NatchaS/Documents/workspace/WebProg/320MusicLessonPlanner/server/config/secret.js","s":{"1":1},"b":{},"f":{},"fnMap":{},"statementMap":{"1":{"start":{"line":1,"column":0},"end":{"line":1,"column":33}}},"branchMap":{}}}