TN:
SF:/Users/NatchaS/Documents/workspace/WebProg/320MusicLessonPlanner/server/model/student-record.js
FN:30,(anonymous_1)
FN:107,isInputValid
FN:126,(anonymous_3)
FN:147,(anonymous_4)
FN:162,(anonymous_5)
FN:184,(anonymous_6)
FN:192,(anonymous_7)
FN:219,(anonymous_8)
FN:224,(anonymous_9)
FN:230,(anonymous_10)
FN:257,(anonymous_11)
FN:261,(anonymous_12)
FN:280,(anonymous_13)
FN:286,(anonymous_14)
FN:293,(anonymous_15)
FN:311,(anonymous_16)
FN:318,(anonymous_17)
FN:331,(anonymous_18)
FNF:18
FNH:18
FNDA:10,(anonymous_1)
FNDA:8,isInputValid
FNDA:4,(anonymous_3)
FNDA:3,(anonymous_4)
FNDA:3,(anonymous_5)
FNDA:2,(anonymous_6)
FNDA:1,(anonymous_7)
FNDA:3,(anonymous_8)
FNDA:3,(anonymous_9)
FNDA:2,(anonymous_10)
FNDA:1,(anonymous_11)
FNDA:1,(anonymous_12)
FNDA:1,(anonymous_13)
FNDA:1,(anonymous_14)
FNDA:1,(anonymous_15)
FNDA:2,(anonymous_16)
FNDA:1,(anonymous_17)
FNDA:1,(anonymous_18)
DA:18,1
DA:19,1
DA:21,1
DA:22,1
DA:30,1
DA:32,10
DA:33,10
DA:34,10
DA:37,10
DA:38,10
DA:41,10
DA:42,10
DA:43,10
DA:44,9
DA:45,6
DA:47,3
DA:50,10
DA:51,10
DA:52,6
DA:53,6
DA:54,6
DA:57,0
DA:58,0
DA:63,10
DA:64,10
DA:65,6
DA:66,6
DA:67,5
DA:70,0
DA:71,0
DA:75,10
DA:76,10
DA:77,6
DA:79,10
DA:80,10
DA:81,6
DA:84,10
DA:85,10
DA:86,5
DA:90,10
DA:91,10
DA:92,10
DA:93,9
DA:95,10
DA:107,1
DA:111,8
DA:113,6
DA:114,6
DA:117,2
DA:126,1
DA:127,4
DA:128,4
DA:131,4
DA:133,4
DA:134,3
DA:147,3
DA:148,3
DA:149,0
DA:152,3
DA:162,3
DA:163,3
DA:164,0
DA:165,0
DA:167,3
DA:169,3
DA:174,1
DA:184,1
DA:186,2
DA:187,2
DA:188,2
DA:189,1
DA:192,1
DA:193,1
DA:194,0
DA:195,0
DA:197,1
DA:201,1
DA:207,1
DA:219,1
DA:221,3
DA:222,3
DA:224,3
DA:225,3
DA:226,0
DA:227,0
DA:228,3
DA:229,2
DA:230,2
DA:231,2
DA:232,0
DA:233,0
DA:235,2
DA:236,2
DA:240,1
DA:257,1
DA:258,1
DA:260,1
DA:261,1
DA:262,1
DA:263,0
DA:264,0
DA:266,1
DA:280,1
DA:281,1
DA:283,1
DA:284,1
DA:286,1
DA:287,1
DA:288,0
DA:289,0
DA:294,1
DA:295,0
DA:297,1
DA:311,1
DA:314,2
DA:315,2
DA:316,2
DA:317,1
DA:318,1
DA:319,1
DA:327,1
DA:328,0
DA:330,1
DA:331,1
DA:332,1
DA:333,0
DA:335,1
DA:336,1
DA:343,1
LF:129
LH:109
BRDA:22,1,0,0
BRDA:22,1,1,1
BRDA:43,2,0,9
BRDA:43,2,1,1
BRDA:43,3,0,10
BRDA:43,3,1,9
BRDA:44,4,0,6
BRDA:44,4,1,3
BRDA:51,5,0,6
BRDA:51,5,1,4
BRDA:51,6,0,10
BRDA:51,6,1,6
BRDA:52,7,0,6
BRDA:52,7,1,0
BRDA:53,8,0,6
BRDA:53,8,1,0
BRDA:57,9,0,0
BRDA:57,9,1,0
BRDA:64,10,0,6
BRDA:64,10,1,4
BRDA:64,11,0,10
BRDA:64,11,1,6
BRDA:65,12,0,6
BRDA:65,12,1,0
BRDA:66,13,0,5
BRDA:66,13,1,1
BRDA:70,14,0,0
BRDA:70,14,1,0
BRDA:76,15,0,6
BRDA:76,15,1,4
BRDA:80,16,0,6
BRDA:80,16,1,4
BRDA:85,17,0,5
BRDA:85,17,1,5
BRDA:92,18,0,9
BRDA:92,18,1,1
BRDA:92,19,0,10
BRDA:92,19,1,9
BRDA:111,20,0,6
BRDA:111,20,1,2
BRDA:111,21,0,8
BRDA:111,21,1,8
BRDA:111,21,2,6
BRDA:111,21,3,6
BRDA:111,21,4,6
BRDA:111,21,5,6
BRDA:111,21,6,6
BRDA:111,21,7,6
BRDA:113,22,0,6
BRDA:113,22,1,0
BRDA:133,23,0,3
BRDA:133,23,1,1
BRDA:133,24,0,4
BRDA:133,24,1,3
BRDA:148,25,0,0
BRDA:148,25,1,3
BRDA:163,26,0,0
BRDA:163,26,1,3
BRDA:163,27,0,3
BRDA:163,27,1,3
BRDA:188,28,0,1
BRDA:188,28,1,1
BRDA:188,29,0,2
BRDA:188,29,1,1
BRDA:193,30,0,0
BRDA:193,30,1,1
BRDA:225,31,0,0
BRDA:225,31,1,3
BRDA:228,32,0,2
BRDA:228,32,1,1
BRDA:231,33,0,0
BRDA:231,33,1,2
BRDA:231,34,0,2
BRDA:231,34,1,2
BRDA:262,35,0,0
BRDA:262,35,1,1
BRDA:262,36,0,1
BRDA:262,36,1,1
BRDA:287,37,0,0
BRDA:287,37,1,1
BRDA:294,38,0,0
BRDA:294,38,1,1
BRDA:316,39,0,1
BRDA:316,39,1,1
BRDA:316,40,0,2
BRDA:316,40,1,2
BRDA:316,40,2,1
BRDA:327,41,0,0
BRDA:327,41,1,1
BRDA:327,42,0,1
BRDA:327,42,1,1
BRDA:332,43,0,0
BRDA:332,43,1,1
BRDA:332,44,0,1
BRDA:332,44,1,1
BRF:95
BRH:76
end_of_record
TN:
SF:/Users/NatchaS/Documents/workspace/WebProg/320MusicLessonPlanner/server/model/lesson-schedule.js
FN:18,(anonymous_1)
FN:50,validateInput
FN:59,(anonymous_3)
FN:82,(anonymous_4)
FN:83,(anonymous_5)
FN:110,(anonymous_6)
FN:116,(anonymous_7)
FN:135,(anonymous_8)
FN:138,(anonymous_9)
FN:155,(anonymous_10)
FN:158,(anonymous_11)
FN:173,(anonymous_12)
FN:176,(anonymous_13)
FN:196,(anonymous_14)
FN:203,(anonymous_15)
FN:212,(anonymous_16)
FN:230,(anonymous_17)
FN:236,(anonymous_18)
FNF:18
FNH:17
FNDA:9,(anonymous_1)
FNDA:4,validateInput
FNDA:2,(anonymous_3)
FNDA:2,(anonymous_4)
FNDA:2,(anonymous_5)
FNDA:1,(anonymous_6)
FNDA:1,(anonymous_7)
FNDA:5,(anonymous_8)
FNDA:5,(anonymous_9)
FNDA:3,(anonymous_10)
FNDA:3,(anonymous_11)
FNDA:1,(anonymous_12)
FNDA:1,(anonymous_13)
FNDA:0,(anonymous_14)
FNDA:2,(anonymous_15)
FNDA:2,(anonymous_16)
FNDA:10,(anonymous_17)
FNDA:2,(anonymous_18)
DA:13,1
DA:15,1
DA:16,1
DA:18,1
DA:19,9
DA:20,9
DA:21,5
DA:23,4
DA:27,9
DA:28,9
DA:29,8
DA:30,4
DA:32,4
DA:35,9
DA:36,9
DA:37,9
DA:38,5
DA:40,9
DA:41,9
DA:42,5
DA:44,9
DA:45,9
DA:46,7
DA:50,1
DA:51,4
DA:52,4
DA:59,1
DA:60,2
DA:61,2
DA:62,2
DA:64,2
DA:65,2
DA:72,2
DA:82,2
DA:84,2
DA:86,1
DA:88,1
DA:89,1
DA:90,1
DA:91,1
DA:95,0
DA:110,1
DA:112,1
DA:113,1
DA:114,1
DA:116,1
DA:117,1
DA:118,0
DA:119,0
DA:121,1
DA:128,1
DA:135,1
DA:137,5
DA:138,5
DA:139,5
DA:140,2
DA:141,2
DA:143,3
DA:144,3
DA:155,1
DA:156,3
DA:158,3
DA:159,3
DA:160,0
DA:161,0
DA:164,3
DA:173,1
DA:174,1
DA:175,1
DA:176,1
DA:177,1
DA:178,0
DA:179,0
DA:181,1
DA:196,1
DA:197,0
DA:198,0
DA:203,1
DA:204,2
DA:205,2
DA:206,2
DA:207,2
DA:208,2
DA:209,2
DA:210,2
DA:212,2
DA:213,2
DA:214,2
DA:215,10
DA:216,8
DA:218,10
DA:220,10
DA:230,10
DA:231,10
DA:232,0
DA:236,2
DA:237,2
DA:238,0
DA:239,0
DA:241,2
LF:100
LH:88
BRDA:16,1,0,0
BRDA:16,1,1,1
BRDA:20,2,0,5
BRDA:20,2,1,4
BRDA:28,3,0,8
BRDA:28,3,1,1
BRDA:28,4,0,9
BRDA:28,4,1,9
BRDA:29,5,0,4
BRDA:29,5,1,4
BRDA:37,6,0,5
BRDA:37,6,1,4
BRDA:41,7,0,5
BRDA:41,7,1,4
BRDA:45,8,0,7
BRDA:45,8,1,2
BRDA:51,9,0,4
BRDA:51,9,1,4
BRDA:51,9,2,4
BRDA:51,9,3,4
BRDA:64,10,0,2
BRDA:64,10,1,0
BRDA:84,11,0,1
BRDA:84,11,1,1
BRDA:84,12,0,2
BRDA:84,12,1,1
BRDA:117,13,0,0
BRDA:117,13,1,1
BRDA:139,14,0,2
BRDA:139,14,1,3
BRDA:139,15,0,5
BRDA:139,15,1,4
BRDA:140,16,0,0
BRDA:140,16,1,2
BRDA:159,17,0,0
BRDA:159,17,1,3
BRDA:159,18,0,3
BRDA:159,18,1,3
BRDA:177,19,0,0
BRDA:177,19,1,1
BRDA:209,20,0,2
BRDA:209,20,1,0
BRDA:215,21,0,8
BRDA:215,21,1,2
BRDA:231,22,0,0
BRDA:231,22,1,10
BRDA:237,23,0,0
BRDA:237,23,1,2
BRDA:237,24,0,2
BRDA:237,24,1,2
BRF:50
BRH:41
end_of_record
TN:
SF:/Users/NatchaS/Documents/workspace/WebProg/320MusicLessonPlanner/database/dbinit.js
FN:25,(anonymous_1)
FN:29,(anonymous_2)
FN:61,(anonymous_3)
FN:64,(anonymous_4)
FN:87,(anonymous_5)
FNF:5
FNH:3
FNDA:1,(anonymous_1)
FNDA:1,(anonymous_2)
FNDA:0,(anonymous_3)
FNDA:0,(anonymous_4)
FNDA:49,(anonymous_5)
DA:1,1
DA:2,1
DA:3,1
DA:4,1
DA:7,1
DA:11,1
DA:12,1
DA:13,1
DA:16,1
DA:17,1
DA:18,1
DA:19,1
DA:23,1
DA:25,1
DA:26,1
DA:27,1
DA:28,1
DA:29,1
DA:31,1
DA:32,1
DA:33,1
DA:34,1
DA:35,1
DA:36,1
DA:37,1
DA:42,1
DA:43,1
DA:44,1
DA:45,1
DA:46,1
DA:47,1
DA:61,1
DA:62,0
DA:63,0
DA:64,0
DA:65,0
DA:67,0
DA:68,0
DA:69,0
DA:71,0
DA:72,0
DA:73,0
DA:74,0
DA:87,1
DA:89,49
LF:45
LH:34
BRDA:26,1,0,1
BRDA:26,1,1,0
BRDA:26,2,0,1
BRDA:26,2,1,0
BRDA:31,3,0,1
BRDA:31,3,1,0
BRDA:31,4,0,1
BRDA:31,4,1,0
BRDA:42,5,0,1
BRDA:42,5,1,0
BRDA:42,6,0,1
BRDA:42,6,1,1
BRF:12
BRH:7
end_of_record
TN:
SF:/Users/NatchaS/Documents/workspace/WebProg/320MusicLessonPlanner/server/model/account.js
FN:10,(anonymous_1)
FN:22,(anonymous_2)
FN:26,(anonymous_3)
FN:27,(anonymous_4)
FN:36,(anonymous_5)
FN:64,(anonymous_6)
FN:70,(anonymous_7)
FN:83,(anonymous_8)
FN:87,(anonymous_9)
FN:92,(anonymous_10)
FN:105,fetchToken
FN:114,(anonymous_12)
FN:122,(anonymous_13)
FNF:13
FNH:12
FNDA:4,(anonymous_1)
FNDA:2,(anonymous_2)
FNDA:1,(anonymous_3)
FNDA:1,(anonymous_4)
FNDA:1,(anonymous_5)
FNDA:2,(anonymous_6)
FNDA:2,(anonymous_7)
FNDA:3,(anonymous_8)
FNDA:3,(anonymous_9)
FNDA:2,(anonymous_10)
FNDA:3,fetchToken
FNDA:3,(anonymous_12)
FNDA:0,(anonymous_13)
DA:1,1
DA:2,1
DA:3,1
DA:4,1
DA:5,1
DA:6,1
DA:7,1
DA:10,1
DA:11,4
DA:12,4
DA:13,4
DA:14,3
DA:16,4
DA:17,4
DA:18,3
DA:22,1
DA:23,2
DA:24,2
DA:25,2
DA:26,1
DA:27,1
DA:28,1
DA:29,0
DA:31,1
DA:32,1
DA:33,1
DA:36,1
DA:37,1
DA:38,0
DA:39,0
DA:41,1
DA:48,1
DA:62,1
DA:64,1
DA:65,2
DA:66,2
DA:67,2
DA:70,2
DA:71,2
DA:72,0
DA:73,0
DA:74,2
DA:75,1
DA:77,1
DA:83,1
DA:84,3
DA:85,3
DA:87,3
DA:88,3
DA:89,1
DA:91,2
DA:92,2
DA:93,2
DA:94,0
DA:95,0
DA:97,2
DA:105,1
DA:107,3
DA:108,3
DA:109,2
DA:111,1
DA:114,1
DA:115,3
DA:116,3
DA:117,3
DA:118,2
DA:119,2
DA:122,1
LF:68
LH:61
BRDA:13,1,0,3
BRDA:13,1,1,1
BRDA:17,2,0,3
BRDA:17,2,1,1
BRDA:25,3,0,1
BRDA:25,3,1,1
BRDA:28,4,0,0
BRDA:28,4,1,1
BRDA:37,5,0,0
BRDA:37,5,1,1
BRDA:71,6,0,0
BRDA:71,6,1,2
BRDA:74,7,0,1
BRDA:74,7,1,1
BRDA:88,8,0,1
BRDA:88,8,1,2
BRDA:88,9,0,3
BRDA:88,9,1,3
BRDA:93,10,0,0
BRDA:93,10,1,2
BRDA:93,11,0,2
BRDA:93,11,1,2
BRDA:108,12,0,2
BRDA:108,12,1,1
BRDA:108,13,0,3
BRDA:108,13,1,2
BRDA:115,14,0,0
BRDA:115,14,1,3
BRDA:117,15,0,1
BRDA:117,15,1,2
BRF:30
BRH:25
end_of_record
TN:
SF:/Users/NatchaS/Documents/workspace/WebProg/320MusicLessonPlanner/server/model/teacher.js
FN:15,(anonymous_1)
FN:31,isValidInput
FN:36,(anonymous_3)
FN:53,(anonymous_4)
FN:58,(anonymous_5)
FN:79,(anonymous_6)
FN:86,(anonymous_7)
FN:108,(anonymous_8)
FN:111,(anonymous_9)
FN:128,(anonymous_10)
FN:131,(anonymous_11)
FN:149,(anonymous_12)
FN:153,(anonymous_13)
FN:169,(anonymous_14)
FNF:14
FNH:14
FNDA:7,(anonymous_1)
FNDA:3,isValidInput
FNDA:3,(anonymous_3)
FNDA:2,(anonymous_4)
FNDA:2,(anonymous_5)
FNDA:1,(anonymous_6)
FNDA:1,(anonymous_7)
FNDA:5,(anonymous_8)
FNDA:5,(anonymous_9)
FNDA:1,(anonymous_10)
FNDA:1,(anonymous_11)
FNDA:1,(anonymous_12)
FNDA:1,(anonymous_13)
FNDA:1,(anonymous_14)
DA:1,1
DA:3,1
DA:4,1
DA:7,1
DA:8,1
DA:15,1
DA:18,7
DA:19,7
DA:20,7
DA:21,7
DA:22,4
DA:26,7
DA:27,7
DA:28,7
DA:31,1
DA:32,3
DA:36,1
DA:37,3
DA:38,3
DA:39,3
DA:41,3
DA:49,3
DA:52,3
DA:53,2
DA:54,2
DA:55,0
DA:59,2
DA:60,0
DA:61,0
DA:63,2
DA:64,2
DA:68,1
DA:79,1
DA:81,1
DA:82,1
DA:83,1
DA:86,1
DA:87,1
DA:88,0
DA:89,0
DA:91,1
DA:98,1
DA:108,1
DA:110,5
DA:111,5
DA:112,5
DA:113,2
DA:114,2
DA:116,3
DA:117,3
DA:128,1
DA:129,1
DA:131,1
DA:132,1
DA:149,1
DA:150,1
DA:151,1
DA:153,1
DA:154,1
DA:155,0
DA:156,0
DA:158,1
DA:169,1
DA:172,1
DA:173,1
LF:65
LH:58
BRDA:4,1,0,0
BRDA:4,1,1,1
BRDA:21,2,0,4
BRDA:21,2,1,3
BRDA:32,3,0,3
BRDA:32,3,1,2
BRDA:32,3,2,2
BRDA:32,3,3,2
BRDA:52,4,0,2
BRDA:52,4,1,1
BRDA:54,5,0,0
BRDA:54,5,1,2
BRDA:59,6,0,0
BRDA:59,6,1,2
BRDA:59,7,0,2
BRDA:59,7,1,2
BRDA:87,8,0,0
BRDA:87,8,1,1
BRDA:112,9,0,2
BRDA:112,9,1,3
BRDA:112,10,0,5
BRDA:112,10,1,4
BRDA:113,11,0,0
BRDA:113,11,1,2
BRDA:154,12,0,0
BRDA:154,12,1,1
BRF:26
BRH:20
end_of_record
TN:
SF:/Users/NatchaS/Documents/workspace/WebProg/320MusicLessonPlanner/server/config/secret.js
FNF:0
FNH:0
DA:1,1
LF:1
LH:1
BRF:0
BRH:0
end_of_record
